# JRE version: Java(TM) SE Runtime Environment (8.0_40-b27) (build 1.8.0_40-b27)
# Java VM: Java HotSpot(TM) 64-Bit Server VM (25.40-b25 mixed mode bsd-amd64 compressed oops)
Heap:
 PSYoungGen      total 152064K, used 25783K [0x000000076ab00000, 0x000000077a580000, 0x00000007c0000000)
  eden space 125952K, 20% used [0x000000076ab00000,0x000000076c42df00,0x0000000772600000)
  from space 26112K, 0% used [0x0000000773e00000,0x0000000773e00000,0x0000000775780000)
  to   space 24576K, 0% used [0x0000000772600000,0x0000000772600000,0x0000000773e00000)
 ParOldGen       total 189952K, used 35580K [0x00000006c0000000, 0x00000006cb980000, 0x000000076ab00000)
  object space 189952K, 18% used [0x00000006c0000000,0x00000006c22bf170,0x00000006cb980000)
 Metaspace       used 34701K, capacity 36578K, committed 36952K, reserved 1081344K
  class space    used 4760K, capacity 5130K, committed 5248K, reserved 1048576K
GC Heap History (10 events):
Event: 1.682 GC heap before
{Heap before GC invocations=4 (full 1):
 PSYoungGen      total 76288K, used 10722K [0x000000076ab00000, 0x0000000774000000, 0x00000007c0000000)
  eden space 65536K, 0% used [0x000000076ab00000,0x000000076ab00000,0x000000076eb00000)
  from space 10752K, 99% used [0x000000076eb00000,0x000000076f578980,0x000000076f580000)
  to   space 10752K, 0% used [0x0000000773580000,0x0000000773580000,0x0000000774000000)
 ParOldGen       total 175104K, used 1368K [0x00000006c0000000, 0x00000006cab00000, 0x000000076ab00000)
  object space 175104K, 0% used [0x00000006c0000000,0x00000006c0156010,0x00000006cab00000)
 Metaspace       used 19757K, capacity 21106K, committed 21248K, reserved 1067008K
  class space    used 2971K, capacity 3232K, committed 3328K, reserved 1048576K
Event: 1.718 GC heap after
Heap after GC invocations=4 (full 1):
 PSYoungGen      total 76288K, used 0K [0x000000076ab00000, 0x0000000774000000, 0x00000007c0000000)
  eden space 65536K, 0% used [0x000000076ab00000,0x000000076ab00000,0x000000076eb00000)
  from space 10752K, 0% used [0x000000076eb00000,0x000000076eb00000,0x000000076f580000)
  to   space 10752K, 0% used [0x0000000773580000,0x0000000773580000,0x0000000774000000)
 ParOldGen       total 118272K, used 11910K [0x00000006c0000000, 0x00000006c7380000, 0x000000076ab00000)
  object space 118272K, 10% used [0x00000006c0000000,0x00000006c0ba1ac0,0x00000006c7380000)
 Metaspace       used 19757K, capacity 21106K, committed 21248K, reserved 1067008K
  class space    used 2971K, capacity 3232K, committed 3328K, reserved 1048576K
}
Event: 3.449 GC heap before
{Heap before GC invocations=5 (full 1):
 PSYoungGen      total 76288K, used 65536K [0x000000076ab00000, 0x0000000774000000, 0x00000007c0000000)
  eden space 65536K, 100% used [0x000000076ab00000,0x000000076eb00000,0x000000076eb00000)
  from space 10752K, 0% used [0x000000076eb00000,0x000000076eb00000,0x000000076f580000)
  to   space 10752K, 0% used [0x0000000773580000,0x0000000773580000,0x0000000774000000)
 ParOldGen       total 118272K, used 11910K [0x00000006c0000000, 0x00000006c7380000, 0x000000076ab00000)
  object space 118272K, 10% used [0x00000006c0000000,0x00000006c0ba1ac0,0x00000006c7380000)
 Metaspace       used 29150K, capacity 30890K, committed 31104K, reserved 1075200K
  class space    used 4089K, capacity 4438K, committed 4480K, reserved 1048576K
Event: 3.463 GC heap after
Heap after GC invocations=5 (full 1):
 PSYoungGen      total 100864K, used 10732K [0x000000076ab00000, 0x0000000774000000, 0x00000007c0000000)
  eden space 90112K, 0% used [0x000000076ab00000,0x000000076ab00000,0x0000000770300000)
  from space 10752K, 99% used [0x0000000773580000,0x0000000773ffb1c0,0x0000000774000000)
  to   space 10752K, 0% used [0x0000000772b00000,0x0000000772b00000,0x0000000773580000)
 ParOldGen       total 118272K, used 17623K [0x00000006c0000000, 0x00000006c7380000, 0x000000076ab00000)
  object space 118272K, 14% used [0x00000006c0000000,0x00000006c1135cc0,0x00000006c7380000)
 Metaspace       used 29150K, capacity 30890K, committed 31104K, reserved 1075200K
  class space    used 4089K, capacity 4438K, committed 4480K, reserved 1048576K
}
Event: 4.792 GC heap before
{Heap before GC invocations=6 (full 1):
 PSYoungGen      total 100864K, used 100844K [0x000000076ab00000, 0x0000000774000000, 0x00000007c0000000)
  eden space 90112K, 100% used [0x000000076ab00000,0x0000000770300000,0x0000000770300000)
  from space 10752K, 99% used [0x0000000773580000,0x0000000773ffb1c0,0x0000000774000000)
  to   space 10752K, 0% used [0x0000000772b00000,0x0000000772b00000,0x0000000773580000)
 ParOldGen       total 118272K, used 17623K [0x00000006c0000000, 0x00000006c7380000, 0x000000076ab00000)
  object space 118272K, 14% used [0x00000006c0000000,0x00000006c1135cc0,0x00000006c7380000)
 Metaspace       used 32883K, capacity 34766K, committed 34944K, reserved 1079296K
  class space    used 4530K, capacity 4896K, committed 4992K, reserved 1048576K
Event: 4.810 GC heap after
Heap after GC invocations=6 (full 1):
 PSYoungGen      total 135168K, used 10727K [0x000000076ab00000, 0x0000000775780000, 0x00000007c0000000)
  eden space 124416K, 0% used [0x000000076ab00000,0x000000076ab00000,0x0000000772480000)
  from space 10752K, 99% used [0x0000000772b00000,0x0000000773579cb8,0x0000000773580000)
  to   space 26112K, 0% used [0x0000000773e00000,0x0000000773e00000,0x0000000775780000)
 ParOldGen       total 118272K, used 30719K [0x00000006c0000000, 0x00000006c7380000, 0x000000076ab00000)
  object space 118272K, 25% used [0x00000006c0000000,0x00000006c1dffdf0,0x00000006c7380000)
 Metaspace       used 32883K, capacity 34766K, committed 34944K, reserved 1079296K
  class space    used 4530K, capacity 4896K, committed 4992K, reserved 1048576K
}
Event: 4.866 GC heap before
{Heap before GC invocations=7 (full 1):
 PSYoungGen      total 135168K, used 16002K [0x000000076ab00000, 0x0000000775780000, 0x00000007c0000000)
  eden space 124416K, 4% used [0x000000076ab00000,0x000000076b026b78,0x0000000772480000)
  from space 10752K, 99% used [0x0000000772b00000,0x0000000773579cb8,0x0000000773580000)
  to   space 26112K, 0% used [0x0000000773e00000,0x0000000773e00000,0x0000000775780000)
 ParOldGen       total 118272K, used 30719K [0x00000006c0000000, 0x00000006c7380000, 0x000000076ab00000)
  object space 118272K, 25% used [0x00000006c0000000,0x00000006c1dffdf0,0x00000006c7380000)
 Metaspace       used 33353K, capacity 35226K, committed 35416K, reserved 1079296K
  class space    used 4601K, capacity 4962K, committed 4992K, reserved 1048576K
Event: 4.875 GC heap after
Heap after GC invocations=7 (full 1):
 PSYoungGen      total 152064K, used 10951K [0x000000076ab00000, 0x000000077a580000, 0x00000007c0000000)
  eden space 125952K, 0% used [0x000000076ab00000,0x000000076ab00000,0x0000000772600000)
  from space 26112K, 41% used [0x0000000773e00000,0x00000007748b1cb8,0x0000000775780000)
  to   space 24576K, 0% used [0x0000000772600000,0x0000000772600000,0x0000000773e00000)
 ParOldGen       total 118272K, used 30727K [0x00000006c0000000, 0x00000006c7380000, 0x000000076ab00000)
  object space 118272K, 25% used [0x00000006c0000000,0x00000006c1e01df0,0x00000006c7380000)
 Metaspace       used 33353K, capacity 35226K, committed 35416K, reserved 1079296K
  class space    used 4601K, capacity 4962K, committed 4992K, reserved 1048576K
}
Event: 4.875 GC heap before
{Heap before GC invocations=8 (full 2):
 PSYoungGen      total 152064K, used 10951K [0x000000076ab00000, 0x000000077a580000, 0x00000007c0000000)
  eden space 125952K, 0% used [0x000000076ab00000,0x000000076ab00000,0x0000000772600000)
  from space 26112K, 41% used [0x0000000773e00000,0x00000007748b1cb8,0x0000000775780000)
  to   space 24576K, 0% used [0x0000000772600000,0x0000000772600000,0x0000000773e00000)
 ParOldGen       total 118272K, used 30727K [0x00000006c0000000, 0x00000006c7380000, 0x000000076ab00000)
  object space 118272K, 25% used [0x00000006c0000000,0x00000006c1e01df0,0x00000006c7380000)
 Metaspace       used 33353K, capacity 35226K, committed 35416K, reserved 1079296K
  class space    used 4601K, capacity 4962K, committed 4992K, reserved 1048576K
Event: 4.955 GC heap after
Heap after GC invocations=8 (full 2):
 PSYoungGen      total 152064K, used 0K [0x000000076ab00000, 0x000000077a580000, 0x00000007c0000000)
  eden space 125952K, 0% used [0x000000076ab00000,0x000000076ab00000,0x0000000772600000)
  from space 26112K, 0% used [0x0000000773e00000,0x0000000773e00000,0x0000000775780000)
  to   space 24576K, 0% used [0x0000000772600000,0x0000000772600000,0x0000000773e00000)
 ParOldGen       total 189952K, used 35580K [0x00000006c0000000, 0x00000006cb980000, 0x000000076ab00000)
  object space 189952K, 18% used [0x00000006c0000000,0x00000006c22bf170,0x00000006cb980000)
 Metaspace       used 33338K, capacity 35196K, committed 35416K, reserved 1079296K
  class space    used 4598K, capacity 4957K, committed 4992K, reserved 1048576K
}

