# JRE version: Java(TM) SE Runtime Environment (8.0_40-b27) (build 1.8.0_40-b27)
# Java VM: Java HotSpot(TM) 64-Bit Server VM (25.40-b25 mixed mode bsd-amd64 compressed oops)
Heap:
 PSYoungGen      total 154112K, used 14580K [0x000000076ab00000, 0x0000000779100000, 0x00000007c0000000)
  eden space 129536K, 11% used [0x000000076ab00000,0x000000076b93d010,0x0000000772980000)
  from space 24576K, 0% used [0x0000000774000000,0x0000000774000000,0x0000000775800000)
  to   space 23040K, 0% used [0x0000000772980000,0x0000000772980000,0x0000000774000000)
 ParOldGen       total 206848K, used 37136K [0x00000006c0000000, 0x00000006cca00000, 0x000000076ab00000)
  object space 206848K, 17% used [0x00000006c0000000,0x00000006c2444198,0x00000006cca00000)
 Metaspace       used 34985K, capacity 36898K, committed 37208K, reserved 1081344K
  class space    used 4761K, capacity 5130K, committed 5248K, reserved 1048576K
GC Heap History (10 events):
Event: 1.714 GC heap before
{Heap before GC invocations=4 (full 1):
 PSYoungGen      total 76288K, used 10738K [0x000000076ab00000, 0x0000000774000000, 0x00000007c0000000)
  eden space 65536K, 0% used [0x000000076ab00000,0x000000076ab00000,0x000000076eb00000)
  from space 10752K, 99% used [0x000000076eb00000,0x000000076f57c970,0x000000076f580000)
  to   space 10752K, 0% used [0x0000000773580000,0x0000000773580000,0x0000000774000000)
 ParOldGen       total 175104K, used 1355K [0x00000006c0000000, 0x00000006cab00000, 0x000000076ab00000)
  object space 175104K, 0% used [0x00000006c0000000,0x00000006c0152c70,0x00000006cab00000)
 Metaspace       used 19748K, capacity 21098K, committed 21248K, reserved 1067008K
  class space    used 2970K, capacity 3232K, committed 3328K, reserved 1048576K
Event: 1.749 GC heap after
Heap after GC invocations=4 (full 1):
 PSYoungGen      total 76288K, used 0K [0x000000076ab00000, 0x0000000774000000, 0x00000007c0000000)
  eden space 65536K, 0% used [0x000000076ab00000,0x000000076ab00000,0x000000076eb00000)
  from space 10752K, 0% used [0x000000076eb00000,0x000000076eb00000,0x000000076f580000)
  to   space 10752K, 0% used [0x0000000773580000,0x0000000773580000,0x0000000774000000)
 ParOldGen       total 116224K, used 11912K [0x00000006c0000000, 0x00000006c7180000, 0x000000076ab00000)
  object space 116224K, 10% used [0x00000006c0000000,0x00000006c0ba2168,0x00000006c7180000)
 Metaspace       used 19748K, capacity 21098K, committed 21248K, reserved 1067008K
  class space    used 2970K, capacity 3232K, committed 3328K, reserved 1048576K
}
Event: 3.477 GC heap before
{Heap before GC invocations=5 (full 1):
 PSYoungGen      total 76288K, used 65536K [0x000000076ab00000, 0x0000000774000000, 0x00000007c0000000)
  eden space 65536K, 100% used [0x000000076ab00000,0x000000076eb00000,0x000000076eb00000)
  from space 10752K, 0% used [0x000000076eb00000,0x000000076eb00000,0x000000076f580000)
  to   space 10752K, 0% used [0x0000000773580000,0x0000000773580000,0x0000000774000000)
 ParOldGen       total 116224K, used 11912K [0x00000006c0000000, 0x00000006c7180000, 0x000000076ab00000)
  object space 116224K, 10% used [0x00000006c0000000,0x00000006c0ba2168,0x00000006c7180000)
 Metaspace       used 29149K, capacity 30892K, committed 31104K, reserved 1075200K
  class space    used 4089K, capacity 4439K, committed 4480K, reserved 1048576K
Event: 3.492 GC heap after
Heap after GC invocations=5 (full 1):
 PSYoungGen      total 102912K, used 10726K [0x000000076ab00000, 0x0000000774000000, 0x00000007c0000000)
  eden space 92160K, 0% used [0x000000076ab00000,0x000000076ab00000,0x0000000770500000)
  from space 10752K, 99% used [0x0000000773580000,0x0000000773ff9880,0x0000000774000000)
  to   space 10752K, 0% used [0x0000000772b00000,0x0000000772b00000,0x0000000773580000)
 ParOldGen       total 116224K, used 17685K [0x00000006c0000000, 0x00000006c7180000, 0x000000076ab00000)
  object space 116224K, 15% used [0x00000006c0000000,0x00000006c1145510,0x00000006c7180000)
 Metaspace       used 29149K, capacity 30892K, committed 31104K, reserved 1075200K
  class space    used 4089K, capacity 4439K, committed 4480K, reserved 1048576K
}
Event: 5.241 GC heap before
{Heap before GC invocations=6 (full 1):
 PSYoungGen      total 102912K, used 102886K [0x000000076ab00000, 0x0000000774000000, 0x00000007c0000000)
  eden space 92160K, 100% used [0x000000076ab00000,0x0000000770500000,0x0000000770500000)
  from space 10752K, 99% used [0x0000000773580000,0x0000000773ff9880,0x0000000774000000)
  to   space 10752K, 0% used [0x0000000772b00000,0x0000000772b00000,0x0000000773580000)
 ParOldGen       total 116224K, used 17685K [0x00000006c0000000, 0x00000006c7180000, 0x000000076ab00000)
  object space 116224K, 15% used [0x00000006c0000000,0x00000006c1145510,0x00000006c7180000)
 Metaspace       used 30604K, capacity 32424K, committed 32512K, reserved 1077248K
  class space    used 4225K, capacity 4605K, committed 4608K, reserved 1048576K
Event: 5.259 GC heap after
Heap after GC invocations=6 (full 1):
 PSYoungGen      total 138752K, used 10745K [0x000000076ab00000, 0x0000000775800000, 0x00000007c0000000)
  eden space 128000K, 0% used [0x000000076ab00000,0x000000076ab00000,0x0000000772800000)
  from space 10752K, 99% used [0x0000000772b00000,0x000000077357e4c8,0x0000000773580000)
  to   space 24576K, 0% used [0x0000000774000000,0x0000000774000000,0x0000000775800000)
 ParOldGen       total 116224K, used 28709K [0x00000006c0000000, 0x00000006c7180000, 0x000000076ab00000)
  object space 116224K, 24% used [0x00000006c0000000,0x00000006c1c09420,0x00000006c7180000)
 Metaspace       used 30604K, capacity 32424K, committed 32512K, reserved 1077248K
  class space    used 4225K, capacity 4605K, committed 4608K, reserved 1048576K
}
Event: 5.738 GC heap before
{Heap before GC invocations=7 (full 1):
 PSYoungGen      total 138752K, used 27489K [0x000000076ab00000, 0x0000000775800000, 0x00000007c0000000)
  eden space 128000K, 13% used [0x000000076ab00000,0x000000076bb59f58,0x0000000772800000)
  from space 10752K, 99% used [0x0000000772b00000,0x000000077357e4c8,0x0000000773580000)
  to   space 24576K, 0% used [0x0000000774000000,0x0000000774000000,0x0000000775800000)
 ParOldGen       total 116224K, used 28709K [0x00000006c0000000, 0x00000006c7180000, 0x000000076ab00000)
  object space 116224K, 24% used [0x00000006c0000000,0x00000006c1c09420,0x00000006c7180000)
 Metaspace       used 33495K, capacity 35310K, committed 35416K, reserved 1079296K
  class space    used 4608K, capacity 4964K, committed 4992K, reserved 1048576K
Event: 5.756 GC heap after
Heap after GC invocations=7 (full 1):
 PSYoungGen      total 154112K, used 13726K [0x000000076ab00000, 0x0000000779100000, 0x00000007c0000000)
  eden space 129536K, 0% used [0x000000076ab00000,0x000000076ab00000,0x0000000772980000)
  from space 24576K, 55% used [0x0000000774000000,0x0000000774d67a38,0x0000000775800000)
  to   space 23040K, 0% used [0x0000000772980000,0x0000000772980000,0x0000000774000000)
 ParOldGen       total 116224K, used 28717K [0x00000006c0000000, 0x00000006c7180000, 0x000000076ab00000)
  object space 116224K, 24% used [0x00000006c0000000,0x00000006c1c0b420,0x00000006c7180000)
 Metaspace       used 33495K, capacity 35310K, committed 35416K, reserved 1079296K
  class space    used 4608K, capacity 4964K, committed 4992K, reserved 1048576K
}
Event: 5.756 GC heap before
{Heap before GC invocations=8 (full 2):
 PSYoungGen      total 154112K, used 13726K [0x000000076ab00000, 0x0000000779100000, 0x00000007c0000000)
  eden space 129536K, 0% used [0x000000076ab00000,0x000000076ab00000,0x0000000772980000)
  from space 24576K, 55% used [0x0000000774000000,0x0000000774d67a38,0x0000000775800000)
  to   space 23040K, 0% used [0x0000000772980000,0x0000000772980000,0x0000000774000000)
 ParOldGen       total 116224K, used 28717K [0x00000006c0000000, 0x00000006c7180000, 0x000000076ab00000)
  object space 116224K, 24% used [0x00000006c0000000,0x00000006c1c0b420,0x00000006c7180000)
 Metaspace       used 33495K, capacity 35310K, committed 35416K, reserved 1079296K
  class space    used 4608K, capacity 4964K, committed 4992K, reserved 1048576K
Event: 5.849 GC heap after
Heap after GC invocations=8 (full 2):
 PSYoungGen      total 154112K, used 0K [0x000000076ab00000, 0x0000000779100000, 0x00000007c0000000)
  eden space 129536K, 0% used [0x000000076ab00000,0x000000076ab00000,0x0000000772980000)
  from space 24576K, 0% used [0x0000000774000000,0x0000000774000000,0x0000000775800000)
  to   space 23040K, 0% used [0x0000000772980000,0x0000000772980000,0x0000000774000000)
 ParOldGen       total 206848K, used 37136K [0x00000006c0000000, 0x00000006cca00000, 0x000000076ab00000)
  object space 206848K, 17% used [0x00000006c0000000,0x00000006c2444198,0x00000006cca00000)
 Metaspace       used 33478K, capacity 35274K, committed 35416K, reserved 1079296K
  class space    used 4604K, capacity 4958K, committed 4992K, reserved 1048576K
}

